#-----------------------------------------------------------
# Vivado v2015.2 (64-bit)
# SW Build 1266856 on Fri Jun 26 16:35:25 MDT 2015
# IP Build 1264090 on Wed Jun 24 14:22:01 MDT 2015
# Start of session at: Fri Oct 21 14:50:17 2016
# Process ID: 6776
# Log file: H:/AD9516-3/SPI/vivado.log
# Journal file: H:/AD9516-3/SPI\vivado.jou
#-----------------------------------------------------------
start_gui
open_project H:/AD9516-3/SPI/SPI.xpr
INFO: [Project 1-313] Project file moved from 'G:/AD9516-3/SPI' since last save.
Scanning sources...
Finished scanning sources
INFO: [IP_Flow 19-234] Refreshing IP repositories
INFO: [IP_Flow 19-1704] No user IP repositories specified
INFO: [IP_Flow 19-2313] Loaded Vivado IP repository 'C:/Xilinx/Vivado/2015.2/data/ip'.
open_project: Time (s): cpu = 00:00:10 ; elapsed = 00:00:05 . Memory (MB): peak = 781.027 ; gain = 190.590
exit
INFO: [Common 17-206] Exiting Vivado at Fri Oct 21 14:50:35 2016...
